0 info it worked if it ends with ok
1 verbose cli [ 'C:\\Program Files\\nodejs\\node.exe',
1 verbose cli   'C:\\Program Files\\nodejs\\node_modules\\npm\\bin\\npm-cli.js',
1 verbose cli   'run',
1 verbose cli   'build' ]
2 info using npm@3.8.6
3 info using node@v5.12.0
4 verbose run-script [ 'prebuild', 'build', 'postbuild' ]
5 info lifecycle test@~prebuild: test@
6 silly lifecycle test@~prebuild: no script for prebuild, continuing
7 info lifecycle test@~build: test@
8 verbose lifecycle test@~build: unsafe-perm in lifecycle true
9 verbose lifecycle test@~build: PATH: C:\Program Files\nodejs\node_modules\npm\bin\node-gyp-bin;C:\projects\test4\test\node_modules\.bin;C:\Program Files\nodejs;C:\windows\system32;C:\windows;C:\windows\System32\Wbem;C:\windows\System32\WindowsPowerShell\v1.0\;C:\Program Files\Git\cmd;C:\Program Files\nodejs\;C:\Users\kangm\AppData\Local\Microsoft\WindowsApps;C:\Program Files (x86)\Microsoft VS Code\bin;C:\Users\kangm\AppData\Roaming\npm
10 verbose lifecycle test@~build: CWD: C:\projects\test4\test
11 silly lifecycle test@~build: Args: [ '/d /s /c', 'webpack --config webpack.config.js' ]
12 silly lifecycle test@~build: Returned: code: 2  signal: null
13 info lifecycle test@~build: Failed to exec build script
14 verbose stack Error: test@ build: `webpack --config webpack.config.js`
14 verbose stack Exit status 2
14 verbose stack     at EventEmitter.<anonymous> (C:\Program Files\nodejs\node_modules\npm\lib\utils\lifecycle.js:239:16)
14 verbose stack     at emitTwo (events.js:100:13)
14 verbose stack     at EventEmitter.emit (events.js:185:7)
14 verbose stack     at ChildProcess.<anonymous> (C:\Program Files\nodejs\node_modules\npm\lib\utils\spawn.js:24:14)
14 verbose stack     at emitTwo (events.js:100:13)
14 verbose stack     at ChildProcess.emit (events.js:185:7)
14 verbose stack     at maybeClose (internal/child_process.js:850:16)
14 verbose stack     at Process.ChildProcess._handle.onexit (internal/child_process.js:215:5)
15 verbose pkgid test@
16 verbose cwd C:\projects\test4\test
17 error Windows_NT 10.0.14393
18 error argv "C:\\Program Files\\nodejs\\node.exe" "C:\\Program Files\\nodejs\\node_modules\\npm\\bin\\npm-cli.js" "run" "build"
19 error node v5.12.0
20 error npm  v3.8.6
21 error code ELIFECYCLE
22 error test@ build: `webpack --config webpack.config.js`
22 error Exit status 2
23 error Failed at the test@ build script 'webpack --config webpack.config.js'.
23 error Make sure you have the latest version of node.js and npm installed.
23 error If you do, this is most likely a problem with the test package,
23 error not with npm itself.
23 error Tell the author that this fails on your system:
23 error     webpack --config webpack.config.js
23 error You can get information on how to open an issue for this project with:
23 error     npm bugs test
23 error Or if that isn't available, you can get their info via:
23 error     npm owner ls test
23 error There is likely additional logging output above.
24 verbose exit [ 1, true ]
